2025-09-19 22:09:55,163 [INFO] SGX Downloader started.
2025-09-19 22:09:55,163 [INFO] Fetching items from SGX API...
2025-09-19 22:09:56,719 [INFO] Selected date: 18 Sep 2025 (key=6032)
2025-09-19 22:09:56,719 [INFO] Skipping WEBPXTICK_DT-20250918.zip (already exists)
2025-09-19 22:09:56,719 [INFO] Skipping TickData_structure.dat (already exists)
2025-09-19 22:09:56,719 [INFO] Skipping TC_20250918.txt (already exists)
2025-09-19 22:09:56,719 [INFO] Skipping TC_structure.dat (already exists)
2025-09-19 22:09:56,719 [INFO] SGX Downloader finished.
2025-09-19 22:23:02,809 [INFO] SGX Downloader started.
2025-09-19 22:23:02,809 [INFO] Fetching items from SGX API...
2025-09-19 22:23:03,536 [INFO] Selected date: 18 Sep 2025 (key=6032)
2025-09-19 22:23:03,537 [INFO] Downloading WEBPXTICK_DT-20250918.zip ...
2025-09-19 22:23:03,780 [INFO] Saved: downloads/WEBPXTICK_DT-20250918.zip
2025-09-19 22:23:03,783 [INFO] Downloading TickData_structure.dat ...
2025-09-19 22:23:04,084 [INFO] Saved: downloads/TickData_structure.dat
2025-09-19 22:23:04,087 [INFO] Downloading TC_20250918.txt ...
2025-09-19 22:23:04,355 [INFO] Saved: downloads/TC_20250918.txt
2025-09-19 22:23:04,358 [INFO] Downloading TC_structure.dat ...
2025-09-19 22:23:04,622 [INFO] Saved: downloads/TC_structure.dat
2025-09-19 22:23:04,626 [INFO] SGX Downloader finished.
2025-09-19 22:26:00,176 [INFO] SGX Downloader started.
2025-09-19 22:26:00,176 [INFO] Fetching items from SGX API...
2025-09-19 22:26:00,631 [INFO] Selected date: 18 Sep 2025 (key=6032)
2025-09-19 22:26:00,631 [INFO] Downloading WEBPXTICK_DT-20250918.zip ...
2025-09-19 22:26:00,913 [INFO] Saved: downloads/WEBPXTICK_DT-20250918.zip
2025-09-19 22:26:00,916 [INFO] Downloading TickData_structure.dat ...
2025-09-19 22:26:01,211 [INFO] Saved: downloads/TickData_structure.dat
2025-09-19 22:26:01,212 [INFO] Downloading TC_20250918.txt ...
2025-09-19 22:26:01,480 [INFO] Saved: downloads/TC_20250918.txt
2025-09-19 22:26:01,481 [INFO] Downloading TC_structure.dat ...
2025-09-19 22:26:01,819 [INFO] Saved: downloads/TC_structure.dat
2025-09-19 22:26:01,820 [INFO] SGX Downloader finished.
2025-09-19 22:27:20,105 [INFO] SGX Downloader started.
2025-09-19 22:27:20,105 [INFO] Fetching items from SGX API...
2025-09-19 22:27:20,495 [INFO] Selected date: 17 Sep 2025 (key=6031)
2025-09-19 22:27:20,495 [INFO] Downloading WEBPXTICK_DT-20250917.zip ...
2025-09-19 22:27:21,222 [INFO] Saved: downloads/WEBPXTICK_DT-20250917.zip
2025-09-19 22:27:21,224 [INFO] Downloading TickData_structure.dat ...
2025-09-19 22:27:21,510 [INFO] Saved: downloads/TickData_structure.dat
2025-09-19 22:27:21,513 [INFO] Downloading TC_20250917.txt ...
2025-09-19 22:27:21,837 [INFO] Saved: downloads/TC_20250917.txt
2025-09-19 22:27:21,839 [INFO] Downloading TC_structure.dat ...
2025-09-19 22:27:22,221 [INFO] Saved: downloads/TC_structure.dat
2025-09-19 22:27:22,223 [INFO] SGX Downloader finished.
2025-09-19 22:33:11,856 [INFO] SGX Downloader started.
2025-09-19 22:33:11,856 [INFO] Fetching items from SGX API...
2025-09-19 22:33:14,165 [INFO] Selected date: 18 Sep 2025 (key=6032)
2025-09-19 22:33:14,165 [INFO] Downloading WEBPXTICK_DT-20250918.zip from https://links.sgx.com/1.0.0/derivatives-historical/6032/WEBPXTICK_DT-20250918.zip ...
2025-09-19 22:33:22,425 [INFO] Saved: downloads/WEBPXTICK_DT-20250918.zip (17294995 bytes)
2025-09-19 22:33:22,426 [INFO] Downloading TickData_structure.dat from https://links.sgx.com/1.0.0/derivatives-historical/6032/TickData_structure.dat ...
2025-09-19 22:33:22,695 [INFO] Saved: downloads/TickData_structure.dat (706 bytes)
2025-09-19 22:33:22,698 [INFO] Downloading TC_20250918.txt from https://links.sgx.com/1.0.0/derivatives-historical/6032/TC_20250918.txt ...
2025-09-19 22:33:24,030 [INFO] Saved: downloads/TC_20250918.txt (2207 bytes)
2025-09-19 22:33:24,031 [INFO] Downloading TC_structure.dat from https://links.sgx.com/1.0.0/derivatives-historical/6032/TC_structure.dat ...
2025-09-19 22:33:24,404 [INFO] Saved: downloads/TC_structure.dat (628 bytes)
2025-09-19 22:33:24,405 [INFO] SGX Downloader finished.
2025-09-19 23:00:58,659 [INFO] SGX Downloader started.
2025-09-19 23:00:58,659 [INFO] Fetching items from SGX API...
2025-09-19 23:00:59,993 [INFO] Selected date: 18 Sep 2025 (key=6032)
2025-09-19 23:00:59,993 [INFO] Downloading WEBPXTICK_DT-20250918.zip from https://links.sgx.com/1.0.0/derivatives-historical/6032/WEBPXTICK_DT-20250918.zip ...
2025-09-19 23:01:02,941 [INFO] Saved: downloads/WEBPXTICK_DT-20250918.zip (16889.6 KB)
2025-09-19 23:01:03,066 [INFO] Extracted zip: downloads/WEBPXTICK_DT-20250918.zip → downloads
2025-09-19 23:01:03,066 [INFO] Downloading TickData_structure.dat from https://links.sgx.com/1.0.0/derivatives-historical/6032/TickData_structure.dat ...
2025-09-19 23:01:03,561 [INFO] Saved: downloads/TickData_structure.dat (0.7 KB)
2025-09-19 23:01:03,562 [INFO] Downloading TC_20250918.txt from https://links.sgx.com/1.0.0/derivatives-historical/6032/TC_20250918.txt ...
2025-09-19 23:01:03,992 [INFO] Saved: downloads/TC_20250918.txt (2.1 KB)
2025-09-19 23:01:03,994 [INFO] Downloading TC_structure.dat from https://links.sgx.com/1.0.0/derivatives-historical/6032/TC_structure.dat ...
2025-09-19 23:01:04,254 [INFO] Saved: downloads/TC_structure.dat (0.6 KB)
2025-09-19 23:01:04,256 [INFO] SGX Downloader finished.
2025-09-20 09:08:17,103 [INFO] SGX Downloader started.
2025-09-20 09:08:17,104 [INFO] Fetching items from SGX API...
2025-09-20 09:08:18,101 [INFO] Selected date: 18 Sep 2025 (key=6032)
2025-09-20 09:08:18,101 [INFO] Downloading WEBPXTICK_DT-20250918.zip from https://links.sgx.com/1.0.0/derivatives-historical/6032/WEBPXTICK_DT-20250918.zip
2025-09-20 09:08:21,305 [INFO] Saved: downloads/WEBPXTICK_DT-20250918.zip (16889.6 KB)
2025-09-20 09:08:21,458 [INFO] Extracted zip: downloads/WEBPXTICK_DT-20250918.zip → downloads
2025-09-20 09:08:21,459 [INFO] Downloading TickData_structure.dat from https://links.sgx.com/1.0.0/derivatives-historical/6032/TickData_structure.dat
2025-09-20 09:08:21,670 [INFO] Saved: downloads/TickData_structure.dat (0.7 KB)
2025-09-20 09:08:21,671 [INFO] Downloading TC_20250918.txt from https://links.sgx.com/1.0.0/derivatives-historical/6032/TC_20250918.txt
2025-09-20 09:08:23,042 [INFO] Saved: downloads/TC_20250918.txt (2.2 KB)
2025-09-20 09:08:23,043 [INFO] Downloading TC_structure.dat from https://links.sgx.com/1.0.0/derivatives-historical/6032/TC_structure.dat
2025-09-20 09:08:23,252 [INFO] Saved: downloads/TC_structure.dat (0.6 KB)
2025-09-20 09:08:23,255 [INFO] SGX Downloader finished.
2025-09-20 10:22:18,893 [INFO] SGX Downloader started.
2025-09-20 10:22:18,893 [INFO] Fetching items from SGX API...
2025-09-20 10:22:39,923 [INFO] SGX Downloader started.
2025-09-20 10:22:39,923 [INFO] Fetching items from SGX API...
2025-09-20 10:39:45,846 [INFO] SGX Downloader started.
2025-09-20 10:39:45,846 [INFO] Fetching items from SGX API...
2025-09-20 10:39:47,329 [INFO] Selected date: 18 Sep 2025 (key=6032)
2025-09-20 10:39:47,329 [INFO] Downloading WEBPXTICK_DT-20250918.zip from https://links.sgx.com/1.0.0/derivatives-historical/6032/WEBPXTICK_DT-20250918.zip
2025-09-20 10:39:51,412 [INFO] Saved: downloads/WEBPXTICK_DT-20250918.zip (16889.6 KB)
2025-09-20 10:39:51,550 [INFO] Extracted: downloads/WEBPXTICK_DT-20250918.zip → downloads
2025-09-20 10:39:51,551 [INFO] Deleted zip file: downloads/WEBPXTICK_DT-20250918.zip
2025-09-20 10:39:51,551 [INFO] Downloading TickData_structure.dat from https://links.sgx.com/1.0.0/derivatives-historical/6032/TickData_structure.dat
2025-09-20 10:39:51,827 [INFO] Saved: downloads/TickData_structure.dat (0.7 KB)
2025-09-20 10:39:51,829 [INFO] Downloading TC_20250918.txt from https://links.sgx.com/1.0.0/derivatives-historical/6032/TC_20250918.txt
2025-09-20 10:39:52,807 [INFO] Saved: downloads/TC_20250918.txt (2.1 KB)
2025-09-20 10:39:52,808 [INFO] Downloading TC_structure.dat from https://links.sgx.com/1.0.0/derivatives-historical/6032/TC_structure.dat
2025-09-20 10:39:53,072 [INFO] Saved: downloads/TC_structure.dat (0.6 KB)
2025-09-20 10:39:53,074 [INFO] Download completed for 18 Sep 2025
2025-09-20 10:39:53,074 [INFO] SGX Downloader finished.
2025-09-20 10:40:23,247 [INFO] SGX Downloader started.
2025-09-20 10:40:23,247 [INFO] Fetching items from SGX API...
2025-09-20 10:40:23,776 [ERROR] Date 17/09/2025 is not available. Available dates: ['18 Sep 2025', '17 Sep 2025', '16 Sep 2025', '15 Sep 2025']
2025-09-20 10:40:23,777 [INFO] SGX Downloader finished.
2025-09-20 10:40:40,536 [INFO] SGX Downloader started.
2025-09-20 10:40:40,536 [INFO] Fetching items from SGX API...
2025-09-20 10:40:41,412 [INFO] Selected date: 18 Sep 2025 (key=6032)
2025-09-20 10:40:41,412 [INFO] Downloading WEBPXTICK_DT-20250918.zip from https://links.sgx.com/1.0.0/derivatives-historical/6032/WEBPXTICK_DT-20250918.zip
2025-09-20 10:40:44,236 [INFO] Saved: downloads/WEBPXTICK_DT-20250918.zip (16889.6 KB)
2025-09-20 10:40:44,361 [INFO] Extracted: downloads/WEBPXTICK_DT-20250918.zip → downloads
2025-09-20 10:40:44,361 [INFO] Deleted zip file: downloads/WEBPXTICK_DT-20250918.zip
2025-09-20 10:40:44,362 [INFO] Skipping TickData_structure.dat (already exists)
2025-09-20 10:40:44,362 [INFO] Skipping TC_20250918.txt (already exists)
2025-09-20 10:40:44,362 [INFO] Skipping TC_structure.dat (already exists)
2025-09-20 10:40:44,362 [INFO] Download completed for 18 Sep 2025
2025-09-20 10:40:44,362 [INFO] SGX Downloader finished.
2025-09-20 10:40:49,929 [INFO] SGX Downloader started.
2025-09-20 10:40:49,929 [INFO] Fetching items from SGX API...
2025-09-20 10:40:50,938 [INFO] Selected date: 16 Sep 2025 (key=6030)
2025-09-20 10:40:50,938 [INFO] Downloading WEBPXTICK_DT-20250916.zip from https://links.sgx.com/1.0.0/derivatives-historical/6030/WEBPXTICK_DT-20250916.zip
2025-09-20 10:40:52,862 [INFO] Saved: downloads/WEBPXTICK_DT-20250916.zip (15487.9 KB)
2025-09-20 10:40:52,969 [INFO] Extracted: downloads/WEBPXTICK_DT-20250916.zip → downloads
2025-09-20 10:40:52,969 [INFO] Deleted zip file: downloads/WEBPXTICK_DT-20250916.zip
2025-09-20 10:40:52,970 [INFO] Skipping TickData_structure.dat (already exists)
2025-09-20 10:40:52,970 [INFO] Downloading TC_20250916.txt from https://links.sgx.com/1.0.0/derivatives-historical/6030/TC_20250916.txt
2025-09-20 10:40:54,713 [INFO] Saved: downloads/TC_20250916.txt (2.2 KB)
2025-09-20 10:40:54,715 [INFO] Skipping TC_structure.dat (already exists)
2025-09-20 10:40:54,715 [INFO] Download completed for 16 Sep 2025
2025-09-20 10:40:54,715 [INFO] SGX Downloader finished.
2025-09-20 10:50:13,463 [INFO] SGX Downloader started.
2025-09-20 10:50:13,464 [INFO] Fetching items from SGX API...
2025-09-20 10:50:14,918 [ERROR] Date 10 Sep 2025 is not available. Available dates: ['18 Sep 2025', '17 Sep 2025', '16 Sep 2025', '15 Sep 2025']
2025-09-20 10:50:14,918 [INFO] SGX Downloader finished.
